[0526/135727.264:INFO:CONSOLE(0)] "
%cTumigil! font-family:helvetica; font-size:20px; font-size:50px; font-weight:bold; color:red; -webkit-text-stroke:1px black;", source:  (0)
[0526/135727.264:INFO:CONSOLE(0)] "
%cIto ay isang browser feature na para sa mga developer. Kung may nagsabi sayo na mag-copy-paste ng isang bagay dito para i-enable ang isang feature sa Facebook o "i-hack" ang account ng isang tao, scam iyon at magbibigay sa kanila ng access sa Facebook account mo. font-family:helvetica; font-size:20px; ", source:  (0)
[0526/135727.265:INFO:CONSOLE(0)] "
%cTingnan ang https://www.facebook.com/selfxss para sa karagdagang impormasyon. font-family:helvetica; font-size:20px; ", source:  (0)
[0526/135727.265:INFO:CONSOLE(0)] "
%c ", source:  (0)
[0526/135924.731:ERROR:gpu_init.cc(426)] Passthrough is not supported, GL is disabled
[0526/135927.441:INFO:CONSOLE(0)] "
%cTumigil! font-family:helvetica; font-size:20px; font-size:50px; font-weight:bold; color:red; -webkit-text-stroke:1px black;", source:  (0)
[0526/135927.441:INFO:CONSOLE(0)] "
%cIto ay isang browser feature na para sa mga developer. Kung may nagsabi sayo na mag-copy-paste ng isang bagay dito para i-enable ang isang feature sa Facebook o "i-hack" ang account ng isang tao, scam iyon at magbibigay sa kanila ng access sa Facebook account mo. font-family:helvetica; font-size:20px; ", source:  (0)
[0526/135927.442:INFO:CONSOLE(0)] "
%cTingnan ang https://www.facebook.com/selfxss para sa karagdagang impormasyon. font-family:helvetica; font-size:20px; ", source:  (0)
[0526/135927.442:INFO:CONSOLE(0)] "
%c ", source:  (0)
[0526/145704.247:ERROR:gpu_init.cc(426)] Passthrough is not supported, GL is disabled
[0527/113020.010:ERROR:gpu_init.cc(426)] Passthrough is not supported, GL is disabled
[0617/223925.733:ERROR:gpu_init.cc(426)] Passthrough is not supported, GL is disabled
